.{'max_lr': 0.0001, 'pct_start': 0.0, 'epochs': 101, 'steps_per_epoch': 641}
{'max_lr': 0.0001, 'pct_start': 0.0, 'epochs': 101, 'steps_per_epoch': 641}
{'max_lr': 0.0001, 'pct_start': 0.0, 'epochs': 101, 'steps_per_epoch': 641}
{'max_lr': 0.0001, 'pct_start': 0.0, 'epochs': 101, 'steps_per_epoch': 641}
{'max_lr': 0.0001, 'pct_start': 0.0, 'epochs': 101, 'steps_per_epoch': 641}
{'max_lr': 0.0001, 'pct_start': 0.0, 'epochs': 101, 'steps_per_epoch': 641}
{'max_lr': 0.0001, 'pct_start': 0.0, 'epochs': 101, 'steps_per_epoch': 641}
Loading the second stage model at Models/JSUT/epoch_2nd_00018.pth ...
predictor loaded
decoder loaded
pitch_extractor loaded
text_encoder loaded
style_encoder loaded
text_aligner loaded
discriminator loaded
Epoch [19/101], Step [20/641], Loss: 0.29958, Avd Loss: 0.71524,  Disc Loss: 1.35312, Dur Loss: 0.44324, Norm Loss: 0.40548, F0 Loss: 1.98288
Epoch [19/101], Step [40/641], Loss: 0.31091, Avd Loss: 0.75759,  Disc Loss: 1.34020, Dur Loss: 0.50208, Norm Loss: 0.44994, F0 Loss: 2.23996Epoch [19/101], Step [60/641], Loss: 0.30824, Avd Loss: 0.71301,  Disc Loss: 1.31407, Dur Loss: 0.48693, Norm Loss: 0.46657, F0 Loss: 2.24566
Epoch [19/101], Step [80/641], Loss: 0.30604, Avd Loss: 0.72434,  Disc Loss: 1.35815, Dur Loss: 0.44417, Norm Loss: 0.43407, F0 Loss: 2.30123
Epoch [19/101], Step [100/641], Loss: 0.30620, Avd Loss: 0.71277,  Disc Loss: 1.33619, Dur Loss: 0.49222, Norm Loss: 0.39927, F0 Loss: 1.94498
Epoch [19/101], Step [120/641], Loss: 0.30080, Avd Loss: 0.80896,  Disc Loss: 1.35137, Dur Loss: 0.44923, Norm Loss: 0.41451, F0 Loss: 2.20737
Epoch [19/101], Step [140/641], Loss: 0.31074, Avd Loss: 0.85311,  Disc Loss: 1.32361, Dur Loss: 0.47110, Norm Loss: 0.43769, F0 Loss: 2.07567
Epoch [19/101], Step [160/641], Loss: 0.30270, Avd Loss: 0.76811,  Disc Loss: 1.35830, Dur Loss: 0.45389, Norm Loss: 0.32230, F0 Loss: 1.93075
Epoch [19/101], Step [180/641], Loss: 0.30255, Avd Loss: 0.82203,  Disc Loss: 1.33122, Dur Loss: 0.47427, Norm Loss: 0.36122, F0 Loss: 2.26551
Epoch [19/101], Step [200/641], Loss: 0.30563, Avd Loss: 0.81015,  Disc Loss: 1.33316, Dur Loss: 0.51790, Norm Loss: 0.43255, F0 Loss: 2.20190
Epoch [19/101], Step [220/641], Loss: 0.30531, Avd Loss: 0.75454,  Disc Loss: 1.37119, Dur Loss: 0.46399, Norm Loss: 0.44980, F0 Loss: 2.05599
Epoch [19/101], Step [240/641], Loss: 0.30311, Avd Loss: 0.68288,  Disc Loss: 1.33489, Dur Loss: 0.50344, Norm Loss: 0.41658, F0 Loss: 2.21116
Epoch [19/101], Step [260/641], Loss: 0.30683, Avd Loss: 0.69628,  Disc Loss: 1.35388, Dur Loss: 0.52778, Norm Loss: 0.45168, F0 Loss: 2.33761
Epoch [19/101], Step [280/641], Loss: 0.30787, Avd Loss: 0.77458,  Disc Loss: 1.31789, Dur Loss: 0.51022, Norm Loss: 0.40800, F0 Loss: 2.27579
Epoch [19/101], Step [300/641], Loss: 0.30763, Avd Loss: 0.65571,  Disc Loss: 1.35169, Dur Loss: 0.46628, Norm Loss: 0.39302, F0 Loss: 2.22635
Epoch [19/101], Step [320/641], Loss: 0.30660, Avd Loss: 0.69827,  Disc Loss: 1.35034, Dur Loss: 0.45958, Norm Loss: 0.45131, F0 Loss: 2.12505
Epoch [19/101], Step [340/641], Loss: 0.30802, Avd Loss: 0.87172,  Disc Loss: 1.32058, Dur Loss: 0.48401, Norm Loss: 0.41667, F0 Loss: 2.03528
Epoch [19/101], Step [360/641], Loss: 0.29804, Avd Loss: 0.75355,  Disc Loss: 1.34791, Dur Loss: 0.53239, Norm Loss: 0.47687, F0 Loss: 2.36377
Epoch [19/101], Step [380/641], Loss: 0.30247, Avd Loss: 0.63178,  Disc Loss: 1.33937, Dur Loss: 0.45674, Norm Loss: 0.44952, F0 Loss: 2.28531
Epoch [19/101], Step [400/641], Loss: 0.30371, Avd Loss: 0.68536,  Disc Loss: 1.37276, Dur Loss: 0.42624, Norm Loss: 0.35177, F0 Loss: 2.06723
Epoch [19/101], Step [420/641], Loss: 0.31017, Avd Loss: 0.75319,  Disc Loss: 1.33549, Dur Loss: 0.45307, Norm Loss: 0.37367, F0 Loss: 2.16637
Epoch [19/101], Step [440/641], Loss: 0.29881, Avd Loss: 0.65475,  Disc Loss: 1.36642, Dur Loss: 0.43327, Norm Loss: 0.34937, F0 Loss: 2.06621
WARNING: JPCommonLabel_insert_pause() in jpcommon_label.c: First mora should not be short pause.
Epoch [19/101], Step [460/641], Loss: 0.30574, Avd Loss: 0.69888,  Disc Loss: 1.29889, Dur Loss: 0.45248, Norm Loss: 0.42691, F0 Loss: 2.28851
Epoch [19/101], Step [480/641], Loss: 0.30207, Avd Loss: 0.78087,  Disc Loss: 1.34005, Dur Loss: 0.51420, Norm Loss: 0.32139, F0 Loss: 1.94158
Epoch [19/101], Step [500/641], Loss: 0.30959, Avd Loss: 0.76000,  Disc Loss: 1.34394, Dur Loss: 0.45370, Norm Loss: 0.38097, F0 Loss: 2.25232
WARNING: JPCommonLabel_insert_pause() in jpcommon_label.c: First mora should not be short pause.
Epoch [19/101], Step [520/641], Loss: 0.30701, Avd Loss: 0.76749,  Disc Loss: 1.37214, Dur Loss: 0.57918, Norm Loss: 0.47928, F0 Loss: 2.37249
Epoch [19/101], Step [540/641], Loss: 0.30365, Avd Loss: 0.70677,  Disc Loss: 1.39320, Dur Loss: 0.47374, Norm Loss: 0.33355, F0 Loss: 2.32751
Epoch [19/101], Step [560/641], Loss: 0.30813, Avd Loss: 0.78563,  Disc Loss: 1.31798, Dur Loss: 0.46376, Norm Loss: 0.41032, F0 Loss: 2.36862
Epoch [19/101], Step [580/641], Loss: 0.29934, Avd Loss: 0.68504,  Disc Loss: 1.34706, Dur Loss: 0.42601, Norm Loss: 0.40366, F0 Loss: 2.04224
WARNING: JPCommonLabel_insert_pause() in jpcommon_label.c: First mora should not be short pause.
Epoch [19/101], Step [600/641], Loss: 0.30543, Avd Loss: 0.83145,  Disc Loss: 1.33302, Dur Loss: 0.43119, Norm Loss: 0.41388, F0 Loss: 2.13757
Epoch [19/101], Step [620/641], Loss: 0.30695, Avd Loss: 0.76543,  Disc Loss: 1.33285, Dur Loss: 0.45424, Norm Loss: 0.34917, F0 Loss: 2.01778
Epoch [19/101], Step [640/641], Loss: 0.30075, Avd Loss: 0.65099,  Disc Loss: 1.34771, Dur Loss: 0.43772, Norm Loss: 0.33540, F0 Loss: 2.06273
Time elasped: 58.967055320739746
Time elasped: 110.37087678909302
Time elasped: 170.38703680038452
Time elasped: 233.31917643547058
Time elasped: 303.6764419078827
Time elasped: 384.2839877605438
Time elasped: 460.7332274913788
Time elasped: 542.3992712497711
Time elasped: 636.0828282833099
Time elasped: 732.6805355548859
Time elasped: 837.4065446853638
Time elasped: 938.1867702007294
Time elasped: 1049.788326740265
Time elasped: 1162.4170184135437
Time elasped: 1278.4859733581543
Time elasped: 1411.3848299980164
Time elasped: 1533.755577325821
Time elasped: 1664.2904658317566
Time elasped: 1780.8671486377716
Time elasped: 1895.7355353832245
Time elasped: 2016.0627994537354
Time elasped: 2128.666309118271
Time elasped: 2259.3848361968994
Time elasped: 2407.911544561386
Time elasped: 2545.0961458683014
Time elasped: 2682.6515288352966
Time elasped: 2829.4600281715393
Time elasped: 3013.046669960022
Time elasped: 3140.223077774048
Time elasped: 3270.236617565155
Time elasped: 3409.88809466362
Time elasped: 3603.359065055847
Validation loss: 0.326, 0.485
Epochs: 19
Saving..
Epoch [20/101], Step [20/641], Loss: 0.30765, Avd Loss: 0.69876,  Disc Loss: 1.31630, Dur Loss: 0.48155, Norm Loss: 0.41915, F0 Loss: 2.43788
Epoch [20/101], Step [40/641], Loss: 0.30688, Avd Loss: 0.77705,  Disc Loss: 1.35114, Dur Loss: 0.47098, Norm Loss: 0.37961, F0 Loss: 2.10059
Epoch [20/101], Step [60/641], Loss: 0.30353, Avd Loss: 0.69404,  Disc Loss: 1.35047, Dur Loss: 0.45393, Norm Loss: 0.42301, F0 Loss: 2.13351
Epoch [20/101], Step [80/641], Loss: 0.30790, Avd Loss: 0.73003,  Disc Loss: 1.29470, Dur Loss: 0.70542, Norm Loss: 0.52563, F0 Loss: 2.59511
Epoch [20/101], Step [100/641], Loss: 0.30748, Avd Loss: 0.70156,  Disc Loss: 1.33292, Dur Loss: 0.42903, Norm Loss: 0.38945, F0 Loss: 2.06484
Epoch [20/101], Step [120/641], Loss: 0.30798, Avd Loss: 0.79967,  Disc Loss: 1.36135, Dur Loss: 0.47976, Norm Loss: 0.40658, F0 Loss: 2.25968
Epoch [20/101], Step [140/641], Loss: 0.29708, Avd Loss: 0.71430,  Disc Loss: 1.33089, Dur Loss: 0.47503, Norm Loss: 0.34516, F0 Loss: 2.05248
WARNING: JPCommonLabel_insert_pause() in jpcommon_label.c: First mora should not be short pause.
Epoch [20/101], Step [160/641], Loss: 0.29984, Avd Loss: 0.69373,  Disc Loss: 1.35214, Dur Loss: 0.44365, Norm Loss: 0.38061, F0 Loss: 2.09962
Epoch [20/101], Step [180/641], Loss: 0.30331, Avd Loss: 0.74572,  Disc Loss: 1.33428, Dur Loss: 0.42431, Norm Loss: 0.39862, F0 Loss: 2.35919
Epoch [20/101], Step [200/641], Loss: 0.30482, Avd Loss: 0.70683,  Disc Loss: 1.36943, Dur Loss: 0.45861, Norm Loss: 0.40520, F0 Loss: 2.23339
WARNING: JPCommonLabel_insert_pause() in jpcommon_label.c: First mora should not be short pause.
Epoch [20/101], Step [220/641], Loss: 0.30307, Avd Loss: 0.72779,  Disc Loss: 1.32536, Dur Loss: 0.48781, Norm Loss: 0.40910, F0 Loss: 2.26325
WARNING: JPCommonLabel_insert_pause() in jpcommon_label.c: First mora should not be short pause.
Epoch [20/101], Step [240/641], Loss: 0.30253, Avd Loss: 0.81273,  Disc Loss: 1.32318, Dur Loss: 0.44242, Norm Loss: 0.41186, F0 Loss: 2.23374
Epoch [20/101], Step [260/641], Loss: 0.30275, Avd Loss: 0.70605,  Disc Loss: 1.35296, Dur Loss: 0.44227, Norm Loss: 0.42109, F0 Loss: 2.10925
Epoch [20/101], Step [280/641], Loss: 0.29965, Avd Loss: 0.72347,  Disc Loss: 1.33568, Dur Loss: 0.55613, Norm Loss: 0.39293, F0 Loss: 2.52777
Epoch [20/101], Step [300/641], Loss: 0.29668, Avd Loss: 0.71369,  Disc Loss: 1.33831, Dur Loss: 0.46637, Norm Loss: 0.42280, F0 Loss: 2.02288
Epoch [20/101], Step [320/641], Loss: 0.30289, Avd Loss: 0.66256,  Disc Loss: 1.36685, Dur Loss: 0.46646, Norm Loss: 0.39363, F0 Loss: 2.09269
Epoch [20/101], Step [340/641], Loss: 0.30248, Avd Loss: 0.69746,  Disc Loss: 1.36832, Dur Loss: 0.42077, Norm Loss: 0.39264, F0 Loss: 1.95164
Epoch [20/101], Step [360/641], Loss: 0.30088, Avd Loss: 0.69534,  Disc Loss: 1.35350, Dur Loss: 0.46036, Norm Loss: 0.42494, F0 Loss: 2.34427
Epoch [20/101], Step [380/641], Loss: 0.29411, Avd Loss: 0.70971,  Disc Loss: 1.34444, Dur Loss: 0.45523, Norm Loss: 0.41908, F0 Loss: 2.19165
Epoch [20/101], Step [400/641], Loss: 0.30599, Avd Loss: 0.71330,  Disc Loss: 1.34615, Dur Loss: 0.45600, Norm Loss: 0.40867, F0 Loss: 2.50113
Epoch [20/101], Step [420/641], Loss: 0.30543, Avd Loss: 0.64862,  Disc Loss: 1.33882, Dur Loss: 0.51044, Norm Loss: 0.43219, F0 Loss: 2.52183
Epoch [20/101], Step [440/641], Loss: 0.30727, Avd Loss: 0.73937,  Disc Loss: 1.32902, Dur Loss: 0.42373, Norm Loss: 0.41178, F0 Loss: 2.24898
Epoch [20/101], Step [460/641], Loss: 0.30306, Avd Loss: 0.72654,  Disc Loss: 1.33555, Dur Loss: 0.48021, Norm Loss: 0.39240, F0 Loss: 2.24209
Epoch [20/101], Step [480/641], Loss: 0.30250, Avd Loss: 0.68796,  Disc Loss: 1.32351, Dur Loss: 0.44567, Norm Loss: 0.38066, F0 Loss: 1.98904
Epoch [20/101], Step [500/641], Loss: 0.30362, Avd Loss: 0.84610,  Disc Loss: 1.34117, Dur Loss: 0.44269, Norm Loss: 0.37980, F0 Loss: 2.29897
Epoch [20/101], Step [520/641], Loss: 0.30495, Avd Loss: 0.74075,  Disc Loss: 1.37741, Dur Loss: 0.51639, Norm Loss: 0.41664, F0 Loss: 1.99829
Epoch [20/101], Step [540/641], Loss: 0.30329, Avd Loss: 0.71025,  Disc Loss: 1.34397, Dur Loss: 0.44127, Norm Loss: 0.35779, F0 Loss: 2.03075
Epoch [20/101], Step [560/641], Loss: 0.30386, Avd Loss: 0.72870,  Disc Loss: 1.33044, Dur Loss: 0.42716, Norm Loss: 0.39381, F0 Loss: 1.87133
Epoch [20/101], Step [580/641], Loss: 0.30615, Avd Loss: 0.83019,  Disc Loss: 1.35979, Dur Loss: 0.45115, Norm Loss: 0.40685, F0 Loss: 2.25463
Epoch [20/101], Step [600/641], Loss: 0.30133, Avd Loss: 0.74351,  Disc Loss: 1.32333, Dur Loss: 0.43660, Norm Loss: 0.41180, F0 Loss: 2.25692
Epoch [20/101], Step [620/641], Loss: 0.30738, Avd Loss: 0.69513,  Disc Loss: 1.34619, Dur Loss: 0.44956, Norm Loss: 0.33847, F0 Loss: 1.86729
Epoch [20/101], Step [640/641], Loss: 0.30431, Avd Loss: 0.74967,  Disc Loss: 1.36578, Dur Loss: 0.53669, Norm Loss: 0.45373, F0 Loss: 2.36089
Time elasped: 144.28333282470703
Time elasped: 295.8991401195526
Time elasped: 438.73992013931274
Time elasped: 579.8816118240356
Time elasped: 723.6500990390778
Time elasped: 936.8647241592407
Time elasped: 1082.8479096889496
Time elasped: 1234.6328988075256
Time elasped: 1373.9333033561707
Time elasped: 1509.3702263832092
Time elasped: 1649.361214876175
Time elasped: 1786.1506946086884
Time elasped: 1941.139592409134
Time elasped: 2094.1392900943756
Time elasped: 2241.033415555954
Time elasped: 2392.27405667305
Time elasped: 2543.317051410675
Time elasped: 2687.83922791481
Time elasped: 2829.696444272995
Time elasped: 2984.933100938797
Time elasped: 3133.7519102096558
Time elasped: 3290.183824777603
Time elasped: 3442.8682582378387
Time elasped: 3590.8835175037384
Time elasped: 3733.846554517746
Time elasped: 3879.1780824661255
Time elasped: 4023.6584618091583
Time elasped: 4166.3788113594055
Time elasped: 4311.080294132233
Time elasped: 4458.9564473629
Time elasped: 4603.201433420181
Time elasped: 4753.208394765854
Validation loss: 0.325, 0.479
Epochs: 20
Saving..
Epoch [21/101], Step [20/641], Loss: 0.29924, Avd Loss: 0.71405,  Disc Loss: 1.34068, Dur Loss: 0.45648, Norm Loss: 0.54238, F0 Loss: 2.45999
Epoch [21/101], Step [40/641], Loss: 0.29983, Avd Loss: 0.66473,  Disc Loss: 1.35065, Dur Loss: 0.49638, Norm Loss: 0.40437, F0 Loss: 2.33897
Epoch [21/101], Step [60/641], Loss: 0.29647, Avd Loss: 0.72995,  Disc Loss: 1.34398, Dur Loss: 0.46322, Norm Loss: 0.43848, F0 Loss: 2.29943
Epoch [21/101], Step [80/641], Loss: 0.30992, Avd Loss: 0.74386,  Disc Loss: 1.36105, Dur Loss: 0.45325, Norm Loss: 0.41419, F0 Loss: 2.35763
Epoch [21/101], Step [100/641], Loss: 0.30502, Avd Loss: 0.76913,  Disc Loss: 1.33759, Dur Loss: 0.45369, Norm Loss: 0.44263, F0 Loss: 2.15671
Epoch [21/101], Step [120/641], Loss: 0.30189, Avd Loss: 0.65035,  Disc Loss: 1.36777, Dur Loss: 0.45345, Norm Loss: 0.35896, F0 Loss: 1.86401
Epoch [21/101], Step [140/641], Loss: 0.30248, Avd Loss: 0.76262,  Disc Loss: 1.36496, Dur Loss: 0.43744, Norm Loss: 0.37215, F0 Loss: 2.17967
Epoch [21/101], Step [160/641], Loss: 0.29452, Avd Loss: 0.79291,  Disc Loss: 1.31040, Dur Loss: 0.47289, Norm Loss: 0.43767, F0 Loss: 2.19562
Epoch [21/101], Step [180/641], Loss: 0.29900, Avd Loss: 0.86019,  Disc Loss: 1.32078, Dur Loss: 0.41283, Norm Loss: 0.44514, F0 Loss: 1.97652
Epoch [21/101], Step [200/641], Loss: 0.30474, Avd Loss: 0.73630,  Disc Loss: 1.30128, Dur Loss: 0.44419, Norm Loss: 0.39100, F0 Loss: 2.40100
Epoch [21/101], Step [220/641], Loss: 0.29929, Avd Loss: 0.74975,  Disc Loss: 1.37631, Dur Loss: 0.55554, Norm Loss: 0.38448, F0 Loss: 2.00657
WARNING: JPCommonLabel_insert_pause() in jpcommon_label.c: First mora should not be short pause.
Epoch [21/101], Step [240/641], Loss: 0.29775, Avd Loss: 0.78826,  Disc Loss: 1.34832, Dur Loss: 0.46186, Norm Loss: 0.38787, F0 Loss: 1.99369
Epoch [21/101], Step [260/641], Loss: 0.30058, Avd Loss: 0.72889,  Disc Loss: 1.36033, Dur Loss: 0.42813, Norm Loss: 0.37791, F0 Loss: 2.08808
Epoch [21/101], Step [280/641], Loss: 0.29861, Avd Loss: 0.75084,  Disc Loss: 1.33968, Dur Loss: 0.45886, Norm Loss: 0.40552, F0 Loss: 2.09143
Epoch [21/101], Step [300/641], Loss: 0.30233, Avd Loss: 0.77643,  Disc Loss: 1.35423, Dur Loss: 0.42100, Norm Loss: 0.36243, F0 Loss: 1.97736
Epoch [21/101], Step [320/641], Loss: 0.30289, Avd Loss: 0.77394,  Disc Loss: 1.36829, Dur Loss: 0.46894, Norm Loss: 0.42135, F0 Loss: 2.10758
Epoch [21/101], Step [340/641], Loss: 0.29969, Avd Loss: 0.65267,  Disc Loss: 1.31868, Dur Loss: 0.45087, Norm Loss: 0.40346, F0 Loss: 2.10361
Epoch [21/101], Step [360/641], Loss: 0.29640, Avd Loss: 0.67452,  Disc Loss: 1.35949, Dur Loss: 0.46936, Norm Loss: 0.41954, F0 Loss: 1.98117
Epoch [21/101], Step [380/641], Loss: 0.30304, Avd Loss: 0.69973,  Disc Loss: 1.36985, Dur Loss: 0.42495, Norm Loss: 0.37064, F0 Loss: 1.93305
Epoch [21/101], Step [400/641], Loss: 0.30232, Avd Loss: 0.73669,  Disc Loss: 1.38805, Dur Loss: 0.43175, Norm Loss: 0.48402, F0 Loss: 2.42439
Epoch [21/101], Step [420/641], Loss: 0.30083, Avd Loss: 0.77139,  Disc Loss: 1.34090, Dur Loss: 0.50044, Norm Loss: 0.42850, F0 Loss: 2.16113
Epoch [21/101], Step [440/641], Loss: 0.29830, Avd Loss: 0.75871,  Disc Loss: 1.37101, Dur Loss: 0.48112, Norm Loss: 0.37334, F0 Loss: 1.88728
WARNING: JPCommonLabel_insert_pause() in jpcommon_label.c: First mora should not be short pause.
Epoch [21/101], Step [460/641], Loss: 0.29705, Avd Loss: 0.77834,  Disc Loss: 1.33740, Dur Loss: 0.44455, Norm Loss: 0.42280, F0 Loss: 2.20464
Epoch [21/101], Step [480/641], Loss: 0.29904, Avd Loss: 0.81996,  Disc Loss: 1.28735, Dur Loss: 0.41891, Norm Loss: 0.36935, F0 Loss: 2.16106
Epoch [21/101], Step [500/641], Loss: 0.30165, Avd Loss: 0.78722,  Disc Loss: 1.37330, Dur Loss: 0.45792, Norm Loss: 0.40930, F0 Loss: 2.30380
Epoch [21/101], Step [520/641], Loss: 0.30096, Avd Loss: 0.85078,  Disc Loss: 1.34551, Dur Loss: 0.49970, Norm Loss: 0.35619, F0 Loss: 2.12886
Epoch [21/101], Step [540/641], Loss: 0.29790, Avd Loss: 0.76215,  Disc Loss: 1.35311, Dur Loss: 0.41846, Norm Loss: 0.40530, F0 Loss: 2.04794
Epoch [21/101], Step [560/641], Loss: 0.30547, Avd Loss: 0.69428,  Disc Loss: 1.33124, Dur Loss: 0.43281, Norm Loss: 0.40283, F0 Loss: 1.98274
WARNING: JPCommonLabel_insert_pause() in jpcommon_label.c: First mora should not be short pause.
Epoch [21/101], Step [580/641], Loss: 0.30151, Avd Loss: 0.73987,  Disc Loss: 1.34364, Dur Loss: 0.49070, Norm Loss: 0.43021, F0 Loss: 2.07962
Epoch [21/101], Step [600/641], Loss: 0.29868, Avd Loss: 0.59921,  Disc Loss: 1.33101, Dur Loss: 0.42911, Norm Loss: 0.39626, F0 Loss: 2.15729
Epoch [21/101], Step [620/641], Loss: 0.30040, Avd Loss: 0.66293,  Disc Loss: 1.33450, Dur Loss: 0.46052, Norm Loss: 0.39062, F0 Loss: 2.12547
Epoch [21/101], Step [640/641], Loss: 0.29649, Avd Loss: 0.67523,  Disc Loss: 1.33114, Dur Loss: 0.43450, Norm Loss: 0.36892, F0 Loss: 2.16390
Time elasped: 148.1177966594696
Time elasped: 304.10077142715454
Time elasped: 449.4670259952545
Time elasped: 603.2670497894287
Time elasped: 777.3677439689636
Time elasped: 923.3936414718628
Time elasped: 1069.5979447364807
Time elasped: 1221.749980688095
Time elasped: 1369.249314546585
Time elasped: 1517.456341266632
Time elasped: 1659.276151895523
Time elasped: 1802.9733939170837
Time elasped: 1945.7982301712036
Time elasped: 2094.6106107234955
Time elasped: 2243.677758693695
Time elasped: 2387.6239111423492
Time elasped: 2549.4925243854523
Time elasped: 2716.6996314525604
Time elasped: 2897.06693983078
Time elasped: 3092.058828830719
Time elasped: 3261.064155817032
Time elasped: 3431.942886352539
Time elasped: 3609.998272418976
Time elasped: 3793.061650276184
Time elasped: 3961.025583744049
Time elasped: 4210.7940855026245
Time elasped: 4374.212261676788
Time elasped: 4552.134805202484
Time elasped: 4727.706040620804
Time elasped: 4874.108457565308
Time elasped: 5034.60962843895
Time elasped: 5197.279545307159
Validation loss: 0.327, 0.482
Epochs: 21
Saving..
Epoch [22/101], Step [20/641], Loss: 0.30087, Avd Loss: 0.73287,  Disc Loss: 1.34458, Dur Loss: 0.53888, Norm Loss: 0.44862, F0 Loss: 2.18990
Epoch [22/101], Step [40/641], Loss: 0.29777, Avd Loss: 0.71873,  Disc Loss: 1.36052, Dur Loss: 0.44474, Norm Loss: 0.40396, F0 Loss: 1.96279
Epoch [22/101], Step [60/641], Loss: 0.30079, Avd Loss: 0.74244,  Disc Loss: 1.34617, Dur Loss: 0.44734, Norm Loss: 0.33675, F0 Loss: 1.95312
Epoch [22/101], Step [80/641], Loss: 0.29956, Avd Loss: 0.65858,  Disc Loss: 1.38557, Dur Loss: 0.45529, Norm Loss: 0.49532, F0 Loss: 2.37162
Epoch [22/101], Step [100/641], Loss: 0.29881, Avd Loss: 0.70771,  Disc Loss: 1.33836, Dur Loss: 0.55078, Norm Loss: 0.43249, F0 Loss: 2.11247
Epoch [22/101], Step [120/641], Loss: 0.29698, Avd Loss: 0.77991,  Disc Loss: 1.34141, Dur Loss: 0.47562, Norm Loss: 0.44152, F0 Loss: 2.19412
Epoch [22/101], Step [140/641], Loss: 0.29273, Avd Loss: 0.75006,  Disc Loss: 1.35996, Dur Loss: 0.51746, Norm Loss: 0.41585, F0 Loss: 2.31918
Epoch [22/101], Step [160/641], Loss: 0.29931, Avd Loss: 0.75446,  Disc Loss: 1.34753, Dur Loss: 0.44560, Norm Loss: 0.37241, F0 Loss: 1.81557
Epoch [22/101], Step [180/641], Loss: 0.30344, Avd Loss: 0.71036,  Disc Loss: 1.33154, Dur Loss: 0.40477, Norm Loss: 0.40468, F0 Loss: 2.00873
Epoch [22/101], Step [200/641], Loss: 0.29713, Avd Loss: 0.70466,  Disc Loss: 1.33204, Dur Loss: 0.46381, Norm Loss: 0.35462, F0 Loss: 2.17933
Epoch [22/101], Step [220/641], Loss: 0.29908, Avd Loss: 0.81805,  Disc Loss: 1.36486, Dur Loss: 0.40744, Norm Loss: 0.36580, F0 Loss: 1.92972
Epoch [22/101], Step [240/641], Loss: 0.30202, Avd Loss: 0.73159,  Disc Loss: 1.33438, Dur Loss: 0.48637, Norm Loss: 0.44489, F0 Loss: 2.25202
Epoch [22/101], Step [260/641], Loss: 0.29193, Avd Loss: 0.82585,  Disc Loss: 1.37215, Dur Loss: 0.48364, Norm Loss: 0.41195, F0 Loss: 1.85019
Epoch [22/101], Step [280/641], Loss: 0.29317, Avd Loss: 0.77885,  Disc Loss: 1.37110, Dur Loss: 0.44003, Norm Loss: 0.37171, F0 Loss: 2.07669
WARNING: JPCommonLabel_insert_pause() in jpcommon_label.c: First mora should not be short pause.
WARNING: JPCommonLabel_insert_pause() in jpcommon_label.c: First mora should not be short pause.
Epoch [22/101], Step [300/641], Loss: 0.30104, Avd Loss: 0.70024,  Disc Loss: 1.37373, Dur Loss: 0.48833, Norm Loss: 0.39709, F0 Loss: 2.05755
Epoch [22/101], Step [320/641], Loss: 0.30098, Avd Loss: 0.81235,  Disc Loss: 1.35927, Dur Loss: 0.57604, Norm Loss: 0.40314, F0 Loss: 2.21353
WARNING: JPCommonLabel_insert_pause() in jpcommon_label.c: First mora should not be short pause.
Epoch [22/101], Step [340/641], Loss: 0.30220, Avd Loss: 0.75063,  Disc Loss: 1.35694, Dur Loss: 0.44135, Norm Loss: 0.39543, F0 Loss: 1.98842
Epoch [22/101], Step [360/641], Loss: 0.30249, Avd Loss: 0.68494,  Disc Loss: 1.33198, Dur Loss: 0.47386, Norm Loss: 0.39730, F0 Loss: 1.87828
Epoch [22/101], Step [380/641], Loss: 0.29428, Avd Loss: 0.65705,  Disc Loss: 1.35222, Dur Loss: 0.41817, Norm Loss: 0.41530, F0 Loss: 1.99008
Epoch [22/101], Step [400/641], Loss: 0.30192, Avd Loss: 0.76695,  Disc Loss: 1.32733, Dur Loss: 0.47755, Norm Loss: 0.40815, F0 Loss: 2.06727
Epoch [22/101], Step [420/641], Loss: 0.29407, Avd Loss: 0.69006,  Disc Loss: 1.31575, Dur Loss: 0.48846, Norm Loss: 0.41120, F0 Loss: 2.17204
Epoch [22/101], Step [440/641], Loss: 0.30072, Avd Loss: 0.74621,  Disc Loss: 1.35228, Dur Loss: 0.46299, Norm Loss: 0.38962, F0 Loss: 2.08019
Epoch [22/101], Step [460/641], Loss: 0.29689, Avd Loss: 0.77201,  Disc Loss: 1.33837, Dur Loss: 0.47767, Norm Loss: 0.37965, F0 Loss: 2.25869
Epoch [22/101], Step [480/641], Loss: 0.29795, Avd Loss: 0.75410,  Disc Loss: 1.35575, Dur Loss: 0.43894, Norm Loss: 0.42173, F0 Loss: 2.22384
Epoch [22/101], Step [500/641], Loss: 0.29216, Avd Loss: 0.74217,  Disc Loss: 1.32526, Dur Loss: 0.48472, Norm Loss: 0.47683, F0 Loss: 2.12532
Epoch [22/101], Step [520/641], Loss: 0.30132, Avd Loss: 0.69469,  Disc Loss: 1.34954, Dur Loss: 0.45517, Norm Loss: 0.41288, F0 Loss: 2.10270
Epoch [22/101], Step [540/641], Loss: 0.30067, Avd Loss: 0.72398,  Disc Loss: 1.32550, Dur Loss: 0.40689, Norm Loss: 0.40756, F0 Loss: 2.05641
Epoch [22/101], Step [560/641], Loss: 0.30056, Avd Loss: 0.68723,  Disc Loss: 1.31373, Dur Loss: 0.43948, Norm Loss: 0.44922, F0 Loss: 2.04119
Epoch [22/101], Step [580/641], Loss: 0.30034, Avd Loss: 0.73121,  Disc Loss: 1.32384, Dur Loss: 0.45213, Norm Loss: 0.34813, F0 Loss: 2.01246
Epoch [22/101], Step [600/641], Loss: 0.30320, Avd Loss: 0.74523,  Disc Loss: 1.36528, Dur Loss: 0.43602, Norm Loss: 0.39160, F0 Loss: 2.08983
Epoch [22/101], Step [620/641], Loss: 0.29639, Avd Loss: 0.71431,  Disc Loss: 1.36587, Dur Loss: 0.43673, Norm Loss: 0.42211, F0 Loss: 2.09248
Epoch [22/101], Step [640/641], Loss: 0.29772, Avd Loss: 0.84349,  Disc Loss: 1.30439, Dur Loss: 0.43039, Norm Loss: 0.40466, F0 Loss: 2.19988
Time elasped: 230.68679285049438
Time elasped: 445.1438353061676
Time elasped: 707.6709740161896
Time elasped: 960.3598728179932
Time elasped: 1223.8749878406525
Time elasped: 1510.6589431762695
Time elasped: 1764.2479357719421
Time elasped: 2022.9677407741547
Time elasped: 2311.8595519065857
Time elasped: 2608.497804880142
Time elasped: 2947.8320302963257
Time elasped: 3266.433947324753
Time elasped: 3466.144164085388
Time elasped: 3675.7701642513275
Time elasped: 3878.458637714386
Time elasped: 4081.0893836021423
Time elasped: 4265.992614030838
Time elasped: 4472.312767267227
Time elasped: 4680.595887422562
Time elasped: 4889.404179811478
Time elasped: 5089.146484375
Time elasped: 5300.823265790939
Time elasped: 5517.627356529236
Time elasped: 5731.300208091736
Time elasped: 5942.197368383408
Time elasped: 6150.973833560944
Time elasped: 6341.851843357086
Time elasped: 6555.0288689136505
Time elasped: 6759.276384830475
Time elasped: 6979.395611524582
Time elasped: 7188.526500463486
Time elasped: 7401.401261091232
Validation loss: 0.321, 0.472
Epochs: 22
Saving..
Epoch [23/101], Step [20/641], Loss: 0.29677, Avd Loss: 0.72750,  Disc Loss: 1.33989, Dur Loss: 0.43266, Norm Loss: 0.37714, F0 Loss: 1.85109
Epoch [23/101], Step [40/641], Loss: 0.29356, Avd Loss: 0.81731,  Disc Loss: 1.35534, Dur Loss: 0.55077, Norm Loss: 0.39112, F0 Loss: 2.17334
Epoch [23/101], Step [60/641], Loss: 0.29513, Avd Loss: 0.72935,  Disc Loss: 1.33835, Dur Loss: 0.48849, Norm Loss: 0.37441, F0 Loss: 2.18705
Epoch [23/101], Step [80/641], Loss: 0.29797, Avd Loss: 0.75947,  Disc Loss: 1.36818, Dur Loss: 0.46183, Norm Loss: 0.45091, F0 Loss: 2.14670
Epoch [23/101], Step [100/641], Loss: 0.29766, Avd Loss: 0.73503,  Disc Loss: 1.33210, Dur Loss: 0.43942, Norm Loss: 0.38474, F0 Loss: 1.89166
Epoch [23/101], Step [120/641], Loss: 0.29837, Avd Loss: 0.72942,  Disc Loss: 1.34434, Dur Loss: 0.46275, Norm Loss: 0.38851, F0 Loss: 2.12510
Epoch [23/101], Step [140/641], Loss: 0.29891, Avd Loss: 0.71418,  Disc Loss: 1.32605, Dur Loss: 0.46592, Norm Loss: 0.33041, F0 Loss: 2.12284
Epoch [23/101], Step [160/641], Loss: 0.29429, Avd Loss: 0.72764,  Disc Loss: 1.36290, Dur Loss: 0.47487, Norm Loss: 0.42273, F0 Loss: 2.17966
Epoch [23/101], Step [180/641], Loss: 0.29407, Avd Loss: 0.66401,  Disc Loss: 1.33311, Dur Loss: 0.48199, Norm Loss: 0.39486, F0 Loss: 2.04661
Epoch [23/101], Step [200/641], Loss: 0.30291, Avd Loss: 0.63978,  Disc Loss: 1.33766, Dur Loss: 0.39238, Norm Loss: 0.34823, F0 Loss: 2.04011
Epoch [23/101], Step [220/641], Loss: 0.29527, Avd Loss: 0.69481,  Disc Loss: 1.37064, Dur Loss: 0.45036, Norm Loss: 0.38648, F0 Loss: 2.04223
Epoch [23/101], Step [240/641], Loss: 0.30111, Avd Loss: 0.72029,  Disc Loss: 1.32440, Dur Loss: 0.49376, Norm Loss: 0.44655, F0 Loss: 2.06206
Epoch [23/101], Step [260/641], Loss: 0.29988, Avd Loss: 0.64881,  Disc Loss: 1.35058, Dur Loss: 0.47765, Norm Loss: 0.39749, F0 Loss: 2.20284
Epoch [23/101], Step [280/641], Loss: 0.29419, Avd Loss: 0.69641,  Disc Loss: 1.38269, Dur Loss: 0.43103, Norm Loss: 0.39411, F0 Loss: 1.80602
WARNING: JPCommonLabel_insert_pause() in jpcommon_label.c: First mora should not be short pause.
Epoch [23/101], Step [300/641], Loss: 0.29563, Avd Loss: 0.81683,  Disc Loss: 1.36414, Dur Loss: 0.44229, Norm Loss: 0.43555, F0 Loss: 1.98259
Epoch [23/101], Step [320/641], Loss: 0.29541, Avd Loss: 0.75345,  Disc Loss: 1.31687, Dur Loss: 0.47343, Norm Loss: 0.43941, F0 Loss: 2.14187
Epoch [23/101], Step [340/641], Loss: 0.29470, Avd Loss: 0.64831,  Disc Loss: 1.35136, Dur Loss: 0.48231, Norm Loss: 0.41401, F0 Loss: 1.79438
Epoch [23/101], Step [360/641], Loss: 0.29019, Avd Loss: 0.67788,  Disc Loss: 1.36551, Dur Loss: 0.41358, Norm Loss: 0.39991, F0 Loss: 2.02836
WARNING: JPCommonLabel_insert_pause() in jpcommon_label.c: First mora should not be short pause.
Epoch [23/101], Step [380/641], Loss: 0.29838, Avd Loss: 0.69057,  Disc Loss: 1.33177, Dur Loss: 0.45637, Norm Loss: 0.38999, F0 Loss: 2.09956
Epoch [23/101], Step [400/641], Loss: 0.30033, Avd Loss: 0.77675,  Disc Loss: 1.32916, Dur Loss: 0.41158, Norm Loss: 0.40762, F0 Loss: 2.28818
WARNING: JPCommonLabel_insert_pause() in jpcommon_label.c: First mora should not be short pause.
Epoch [23/101], Step [420/641], Loss: 0.29696, Avd Loss: 0.66370,  Disc Loss: 1.33698, Dur Loss: 0.45319, Norm Loss: 0.35595, F0 Loss: 1.89278
Epoch [23/101], Step [440/641], Loss: 0.30195, Avd Loss: 0.79138,  Disc Loss: 1.35238, Dur Loss: 0.42057, Norm Loss: 0.38552, F0 Loss: 2.01981
Epoch [23/101], Step [460/641], Loss: 0.30407, Avd Loss: 0.75995,  Disc Loss: 1.31639, Dur Loss: 0.44646, Norm Loss: 0.40703, F0 Loss: 2.14389
Epoch [23/101], Step [480/641], Loss: 0.29754, Avd Loss: 0.73734,  Disc Loss: 1.36104, Dur Loss: 0.53166, Norm Loss: 0.45396, F0 Loss: 2.18764
Epoch [23/101], Step [500/641], Loss: 0.29893, Avd Loss: 0.74847,  Disc Loss: 1.32273, Dur Loss: 0.43540, Norm Loss: 0.36233, F0 Loss: 2.11668
Epoch [23/101], Step [520/641], Loss: 0.29790, Avd Loss: 0.75234,  Disc Loss: 1.34645, Dur Loss: 0.43857, Norm Loss: 0.40658, F0 Loss: 2.01640
Epoch [23/101], Step [540/641], Loss: 0.29394, Avd Loss: 0.70783,  Disc Loss: 1.37114, Dur Loss: 0.51376, Norm Loss: 0.40178, F0 Loss: 2.01594
Epoch [23/101], Step [560/641], Loss: 0.29597, Avd Loss: 0.75176,  Disc Loss: 1.39273, Dur Loss: 0.46925, Norm Loss: 0.54520, F0 Loss: 2.35565
Epoch [23/101], Step [580/641], Loss: 0.29882, Avd Loss: 0.69425,  Disc Loss: 1.38851, Dur Loss: 0.48854, Norm Loss: 0.46917, F0 Loss: 2.43863
Epoch [23/101], Step [600/641], Loss: 0.29493, Avd Loss: 0.80546,  Disc Loss: 1.31759, Dur Loss: 0.49434, Norm Loss: 0.40499, F0 Loss: 1.99673
Epoch [23/101], Step [620/641], Loss: 0.29246, Avd Loss: 0.76744,  Disc Loss: 1.34450, Dur Loss: 0.43876, Norm Loss: 0.40401, F0 Loss: 2.20505
Epoch [23/101], Step [640/641], Loss: 0.28890, Avd Loss: 0.75641,  Disc Loss: 1.30669, Dur Loss: 0.48225, Norm Loss: 0.39263, F0 Loss: 2.12591
Time elasped: 206.6598083972931
Time elasped: 389.36498165130615
Time elasped: 590.493152141571
Time elasped: 788.1119050979614
Time elasped: 976.2002282142639
Time elasped: 1153.8548576831818
Time elasped: 1314.4132504463196
Time elasped: 1476.3251841068268
Time elasped: 1627.9582965373993
Time elasped: 1800.2264020442963
Time elasped: 2021.4554829597473
Time elasped: 2231.135696411133
Time elasped: 2466.9442682266235
Time elasped: 2645.0485966205597
Time elasped: 2880.3636977672577
Time elasped: 3060.0457847118378
Time elasped: 3214.964545726776
Time elasped: 3452.3927631378174
Time elasped: 3694.793364048004
Time elasped: 3956.2415816783905
Time elasped: 4203.784247875214
Time elasped: 4441.8017909526825
Time elasped: 4600.3934581279755
Time elasped: 4746.275226831436
Time elasped: 4891.731481313705
Time elasped: 5046.906824350357
Time elasped: 5236.8461356163025
Time elasped: 5450.880794763565
Time elasped: 5677.309541940689
Time elasped: 5851.012109279633
Time elasped: 6032.593886137009
Time elasped: 6257.826065778732
Validation loss: 0.321, 0.479
Epochs: 23
Saving..
Epoch [24/101], Step [20/641], Loss: 0.29442, Avd Loss: 0.71813,  Disc Loss: 1.36670, Dur Loss: 0.44759, Norm Loss: 0.42733, F0 Loss: 2.08847
Epoch [24/101], Step [40/641], Loss: 0.29327, Avd Loss: 0.72720,  Disc Loss: 1.35740, Dur Loss: 0.48686, Norm Loss: 0.40529, F0 Loss: 2.04681
Epoch [24/101], Step [60/641], Loss: 0.28829, Avd Loss: 0.73324,  Disc Loss: 1.35081, Dur Loss: 0.41689, Norm Loss: 0.32907, F0 Loss: 1.85587
Epoch [24/101], Step [80/641], Loss: 0.29341, Avd Loss: 0.61094,  Disc Loss: 1.35621, Dur Loss: 0.44908, Norm Loss: 0.38205, F0 Loss: 1.95090
Epoch [24/101], Step [100/641], Loss: 0.29714, Avd Loss: 0.70235,  Disc Loss: 1.34900, Dur Loss: 0.43836, Norm Loss: 0.38774, F0 Loss: 1.98150
Epoch [24/101], Step [120/641], Loss: 0.29766, Avd Loss: 0.78922,  Disc Loss: 1.34160, Dur Loss: 0.44311, Norm Loss: 0.38642, F0 Loss: 1.96077
Epoch [24/101], Step [140/641], Loss: 0.29876, Avd Loss: 0.76972,  Disc Loss: 1.35058, Dur Loss: 0.46571, Norm Loss: 0.54562, F0 Loss: 2.52424
Epoch [24/101], Step [160/641], Loss: 0.29033, Avd Loss: 0.70911,  Disc Loss: 1.33465, Dur Loss: 0.44891, Norm Loss: 0.39578, F0 Loss: 1.98931
Epoch [24/101], Step [180/641], Loss: 0.29550, Avd Loss: 0.71495,  Disc Loss: 1.35635, Dur Loss: 0.42214, Norm Loss: 0.34798, F0 Loss: 1.88336
Epoch [24/101], Step [200/641], Loss: 0.29318, Avd Loss: 0.73434,  Disc Loss: 1.31542, Dur Loss: 0.49920, Norm Loss: 0.38835, F0 Loss: 2.22941
Epoch [24/101], Step [220/641], Loss: 0.29459, Avd Loss: 0.70408,  Disc Loss: 1.35283, Dur Loss: 0.41670, Norm Loss: 0.44267, F0 Loss: 2.03049
Epoch [24/101], Step [240/641], Loss: 0.29418, Avd Loss: 0.72130,  Disc Loss: 1.35280, Dur Loss: 0.46906, Norm Loss: 0.37497, F0 Loss: 2.07187
Epoch [24/101], Step [260/641], Loss: 0.29815, Avd Loss: 0.72321,  Disc Loss: 1.33106, Dur Loss: 0.44340, Norm Loss: 0.38948, F0 Loss: 1.99626
Epoch [24/101], Step [280/641], Loss: 0.29265, Avd Loss: 0.73945,  Disc Loss: 1.36821, Dur Loss: 0.46176, Norm Loss: 0.40446, F0 Loss: 1.93002
Epoch [24/101], Step [300/641], Loss: 0.29499, Avd Loss: 0.73509,  Disc Loss: 1.32610, Dur Loss: 0.49001, Norm Loss: 0.46829, F0 Loss: 2.25991
Epoch [24/101], Step [320/641], Loss: 0.29522, Avd Loss: 0.76066,  Disc Loss: 1.35720, Dur Loss: 0.43216, Norm Loss: 0.36514, F0 Loss: 2.09886
Epoch [24/101], Step [340/641], Loss: 0.29430, Avd Loss: 0.66606,  Disc Loss: 1.34599, Dur Loss: 0.43045, Norm Loss: 0.36592, F0 Loss: 1.95551
Epoch [24/101], Step [360/641], Loss: 0.29542, Avd Loss: 0.74715,  Disc Loss: 1.33638, Dur Loss: 0.51266, Norm Loss: 0.36628, F0 Loss: 2.05843
Epoch [24/101], Step [380/641], Loss: 0.29290, Avd Loss: 0.67676,  Disc Loss: 1.36703, Dur Loss: 0.43589, Norm Loss: 0.36605, F0 Loss: 1.80519
WARNING: JPCommonLabel_insert_pause() in jpcommon_label.c: First mora should not be short pause.
Epoch [24/101], Step [400/641], Loss: 0.29077, Avd Loss: 0.72570,  Disc Loss: 1.36087, Dur Loss: 0.45650, Norm Loss: 0.40197, F0 Loss: 2.14102
Epoch [24/101], Step [420/641], Loss: 0.29843, Avd Loss: 0.72843,  Disc Loss: 1.35746, Dur Loss: 0.50550, Norm Loss: 0.43523, F0 Loss: 2.17515
WARNING: JPCommonLabel_insert_pause() in jpcommon_label.c: First mora should not be short pause.
Epoch [24/101], Step [440/641], Loss: 0.29829, Avd Loss: 0.66129,  Disc Loss: 1.33335, Dur Loss: 0.45922, Norm Loss: 0.39293, F0 Loss: 2.15047
Epoch [24/101], Step [460/641], Loss: 0.29613, Avd Loss: 0.73941,  Disc Loss: 1.36539, Dur Loss: 0.45388, Norm Loss: 0.38148, F0 Loss: 1.95418
Epoch [24/101], Step [480/641], Loss: 0.29304, Avd Loss: 0.78667,  Disc Loss: 1.35670, Dur Loss: 0.46120, Norm Loss: 0.41818, F0 Loss: 1.94338
Epoch [24/101], Step [500/641], Loss: 0.29351, Avd Loss: 0.75819,  Disc Loss: 1.35320, Dur Loss: 0.46044, Norm Loss: 0.33382, F0 Loss: 2.04295
Epoch [24/101], Step [520/641], Loss: 0.29374, Avd Loss: 0.69297,  Disc Loss: 1.38020, Dur Loss: 0.40737, Norm Loss: 0.40212, F0 Loss: 2.05156
Epoch [24/101], Step [540/641], Loss: 0.29911, Avd Loss: 0.69718,  Disc Loss: 1.33114, Dur Loss: 0.42113, Norm Loss: 0.37841, F0 Loss: 1.95083
Epoch [24/101], Step [560/641], Loss: 0.29382, Avd Loss: 0.72556,  Disc Loss: 1.35684, Dur Loss: 0.42144, Norm Loss: 0.39747, F0 Loss: 2.06424
WARNING: JPCommonLabel_insert_pause() in jpcommon_label.c: First mora should not be short pause.
Epoch [24/101], Step [580/641], Loss: 0.29515, Avd Loss: 0.69322,  Disc Loss: 1.31832, Dur Loss: 0.46410, Norm Loss: 0.39772, F0 Loss: 1.96257
Epoch [24/101], Step [600/641], Loss: 0.28776, Avd Loss: 0.68781,  Disc Loss: 1.35230, Dur Loss: 0.44735, Norm Loss: 0.39627, F0 Loss: 1.88277
Epoch [24/101], Step [620/641], Loss: 0.29336, Avd Loss: 0.73042,  Disc Loss: 1.34010, Dur Loss: 0.50549, Norm Loss: 0.40352, F0 Loss: 2.10369
Epoch [24/101], Step [640/641], Loss: 0.29218, Avd Loss: 0.72517,  Disc Loss: 1.32670, Dur Loss: 0.45849, Norm Loss: 0.34759, F0 Loss: 2.16582
